{"level":"warn","message":"Frontend dist folder is missing; SPA routes will return 503 until it is built.","service":"game-platform-backend","timestamp":"2026-04-20 18:21:42"}
{"error":{"code":"28P01","file":"auth.c","length":104,"line":"320","name":"error","routine":"auth_failed","severity":"FATAL"},"level":"error","message":"❌ Server failed to start","service":"game-platform-backend","timestamp":"2026-04-20 18:21:42"}
{"level":"warn","message":"Frontend dist folder is missing; SPA routes will return 503 until it is built.","service":"game-platform-backend","timestamp":"2026-04-20 18:34:08"}
{"error":{"code":"28P01","file":"auth.c","length":104,"line":"320","name":"error","routine":"auth_failed","severity":"FATAL"},"level":"error","message":"❌ Server failed to start","service":"game-platform-backend","timestamp":"2026-04-20 18:34:08"}
{"level":"warn","message":"Frontend dist folder is missing; SPA routes will return 503 until it is built.","service":"game-platform-backend","timestamp":"2026-04-20 18:35:40"}
{"error":{"code":"28P01","file":"auth.c","length":104,"line":"320","name":"error","routine":"auth_failed","severity":"FATAL"},"level":"error","message":"❌ Server failed to start","service":"game-platform-backend","timestamp":"2026-04-20 18:35:40"}
{"level":"warn","message":"Frontend dist folder is missing; SPA routes will return 503 until it is built.","service":"game-platform-backend","timestamp":"2026-05-22 16:51:20"}
{"level":"info","message":"✅ Database connected successfully","service":"game-platform-backend","timestamp":"2026-05-22 16:51:20"}
{"level":"info","message":"⚠️ Redis connection skipped (disabled)","service":"game-platform-backend","timestamp":"2026-05-22 16:51:20"}
{"level":"info","message":"✅ Socket.IO initialized","service":"game-platform-backend","timestamp":"2026-05-22 16:51:20"}
{"level":"info","message":"🚀 Server running on port 3001","service":"game-platform-backend","timestamp":"2026-05-22 16:51:20"}
{"level":"info","message":"📡 Environment: development","service":"game-platform-backend","timestamp":"2026-05-22 16:51:20"}
{"level":"warn","message":"Frontend dist folder is missing; SPA routes will return 503 until it is built.","service":"game-platform-backend","timestamp":"2026-05-22 16:51:51"}
{"level":"info","message":"✅ Database connected successfully","service":"game-platform-backend","timestamp":"2026-05-22 16:51:51"}
{"level":"info","message":"⚠️ Redis connection skipped (disabled)","service":"game-platform-backend","timestamp":"2026-05-22 16:51:51"}
{"level":"info","message":"✅ Socket.IO initialized","service":"game-platform-backend","timestamp":"2026-05-22 16:51:51"}
{"level":"info","message":"🚀 Server running on port 3001","service":"game-platform-backend","timestamp":"2026-05-22 16:51:51"}
{"level":"info","message":"📡 Environment: development","service":"game-platform-backend","timestamp":"2026-05-22 16:51:51"}
{"level":"warn","message":"Frontend dist folder is missing; SPA routes will return 503 until it is built.","service":"game-platform-backend","timestamp":"2026-05-22 16:53:40"}
{"level":"info","message":"✅ Database connected successfully","service":"game-platform-backend","timestamp":"2026-05-22 16:53:40"}
{"level":"info","message":"⚠️ Redis connection skipped (disabled)","service":"game-platform-backend","timestamp":"2026-05-22 16:53:40"}
{"level":"info","message":"✅ Socket.IO initialized","service":"game-platform-backend","timestamp":"2026-05-22 16:53:40"}
{"level":"info","message":"🚀 Server running on port 3001","service":"game-platform-backend","timestamp":"2026-05-22 16:53:40"}
{"level":"info","message":"📡 Environment: development","service":"game-platform-backend","timestamp":"2026-05-22 16:53:40"}
{"level":"info","message":"Socket connected: CcJYpZEg8zBS_GfTAAAB","service":"game-platform-backend","timestamp":"2026-05-22 16:53:51"}
{"level":"warn","message":"Frontend dist folder is missing; SPA routes will return 503 until it is built.","service":"game-platform-backend","timestamp":"2026-05-23 09:14:56"}
{"level":"info","message":"✅ Database connected successfully","service":"game-platform-backend","timestamp":"2026-05-23 09:14:57"}
{"level":"info","message":"⚠️ Redis connection skipped (disabled)","service":"game-platform-backend","timestamp":"2026-05-23 09:14:57"}
{"level":"info","message":"✅ Socket.IO initialized","service":"game-platform-backend","timestamp":"2026-05-23 09:14:57"}
{"level":"info","message":"🚀 Server running on port 3001","service":"game-platform-backend","timestamp":"2026-05-23 09:14:57"}
{"level":"info","message":"📡 Environment: development","service":"game-platform-backend","timestamp":"2026-05-23 09:14:57"}
{"level":"warn","message":"Frontend dist folder is missing; SPA routes will return 503 until it is built.","service":"game-platform-backend","timestamp":"2026-05-24 16:23:04"}
{"level":"info","message":"✅ Database connected successfully","service":"game-platform-backend","timestamp":"2026-05-24 16:23:06"}
{"level":"info","message":"⚠️ Redis connection skipped (disabled)","service":"game-platform-backend","timestamp":"2026-05-24 16:23:06"}
{"level":"info","message":"✅ Socket.IO initialized","service":"game-platform-backend","timestamp":"2026-05-24 16:23:06"}
{"level":"info","message":"🚀 Server running on port 3001","service":"game-platform-backend","timestamp":"2026-05-24 16:23:06"}
{"level":"info","message":"📡 Environment: development","service":"game-platform-backend","timestamp":"2026-05-24 16:23:06"}
{"level":"warn","message":"Frontend dist folder is missing; SPA routes will return 503 until it is built.","service":"game-platform-backend","timestamp":"2026-05-24 16:47:05"}
{"level":"info","message":"✅ Database connected successfully","service":"game-platform-backend","timestamp":"2026-05-24 16:47:05"}
{"level":"info","message":"⚠️ Redis connection skipped (disabled)","service":"game-platform-backend","timestamp":"2026-05-24 16:47:05"}
{"level":"info","message":"✅ Socket.IO initialized","service":"game-platform-backend","timestamp":"2026-05-24 16:47:05"}
{"level":"info","message":"🚀 Server running on port 3001","service":"game-platform-backend","timestamp":"2026-05-24 16:47:05"}
{"level":"info","message":"📡 Environment: development","service":"game-platform-backend","timestamp":"2026-05-24 16:47:05"}
{"level":"warn","message":"Frontend dist folder is missing; SPA routes will return 503 until it is built.","service":"game-platform-backend","timestamp":"2026-05-24 17:35:38"}
{"level":"info","message":"✅ Database connected successfully","service":"game-platform-backend","timestamp":"2026-05-24 17:35:39"}
{"level":"info","message":"⚠️ Redis connection skipped (disabled)","service":"game-platform-backend","timestamp":"2026-05-24 17:35:39"}
{"level":"info","message":"✅ Socket.IO initialized","service":"game-platform-backend","timestamp":"2026-05-24 17:35:39"}
{"level":"info","message":"🚀 Server running on port 3001","service":"game-platform-backend","timestamp":"2026-05-24 17:35:39"}
{"level":"info","message":"📡 Environment: development","service":"game-platform-backend","timestamp":"2026-05-24 17:35:39"}
